#! /usr/local/Cellar/icarus-verilog/11.0/bin/vvp
:ivl_version "11.0 (stable)";
:ivl_delay_selection "TYPICAL";
:vpi_time_precision - 12;
:vpi_module "/usr/local/Cellar/icarus-verilog/11.0/lib/ivl/system.vpi";
:vpi_module "/usr/local/Cellar/icarus-verilog/11.0/lib/ivl/vhdl_sys.vpi";
:vpi_module "/usr/local/Cellar/icarus-verilog/11.0/lib/ivl/vhdl_textio.vpi";
:vpi_module "/usr/local/Cellar/icarus-verilog/11.0/lib/ivl/v2005_math.vpi";
:vpi_module "/usr/local/Cellar/icarus-verilog/11.0/lib/ivl/va_math.vpi";
S_0x7f9c24904b60 .scope module, "main_tb" "main_tb" 2 4;
 .timescale -9 -12;
P_0x7f9c24904cd0 .param/l "CHAR_LENGTH" 0 2 15, +C4<00000000000000000000000000001000>;
P_0x7f9c24904d10 .param/l "MESSAGE_LENGTH" 0 2 14, +C4<00000000000000000000000010100000>;
P_0x7f9c24904d50 .param/l "NUMOF_TESTS" 0 2 17, +C4<00000000000000000000000000001000>;
P_0x7f9c24904d90 .param/l "PATH_LENGTH" 0 2 16, +C4<00000000000000000000000000010000>;
v0x7f9c24917330_0 .var "clk", 0 0;
v0x7f9c249173c0_0 .var/real "correct_counter", 0 0;
v0x7f9c24917450_0 .var/i "data_inputs", 31 0;
v0x7f9c249174e0 .array "data_path_list", 0 7, 127 0;
v0x7f9c24917570_0 .var/i "i", 31 0;
v0x7f9c24917620 .array "inputreg_data", 0 0, 1279 0;
v0x7f9c249176c0 .array "inputreg_length", 0 0, 7 0;
v0x7f9c24917770 .array "inputreg_tag", 0 0, 1 0;
v0x7f9c24917820_0 .var/i "length_inputs", 31 0;
v0x7f9c24917940 .array "length_path_list", 0 7, 127 0;
v0x7f9c249179e0_0 .net "output_label", 1 0, v0x7f9c24916f40_0;  1 drivers
v0x7f9c24917aa0_0 .var "reset", 0 0;
v0x7f9c24917b30_0 .var/i "scan_data_inputs", 31 0;
v0x7f9c24917bc0_0 .var/i "scan_length_inputs", 31 0;
v0x7f9c24917c50_0 .var/i "scan_tag_inputs", 31 0;
v0x7f9c24917d00_0 .var/i "tag_inputs", 31 0;
v0x7f9c24917db0 .array "tag_path_list", 0 7, 127 0;
v0x7f9c24917f50_0 .var/i "test_counter", 31 0;
S_0x7f9c24904f70 .scope module, "dut" "main" 2 120, 3 3 0, S_0x7f9c24904b60;
 .timescale -9 -12;
    .port_info 0 /INPUT 1280 "msg";
    .port_info 1 /INPUT 8 "length";
    .port_info 2 /INPUT 2 "label";
    .port_info 3 /INPUT 1 "clk";
    .port_info 4 /INPUT 1 "reset";
    .port_info 5 /OUTPUT 2 "result";
P_0x7f9c249050e0 .param/l "BITS_PER_CHAR" 0 3 11, +C4<00000000000000000000000000001000>;
P_0x7f9c24905120 .param/l "DIM" 0 3 10, +C4<00000000000000000010011100010000>;
P_0x7f9c24905160 .param/l "MAX_LENGTH" 0 3 8, +C4<00000000000000000000000010100000>;
P_0x7f9c249051a0 .param/l "NUM_CHAR" 0 3 9, +C4<00000000000000000000000000100101>;
v0x7f9c24916560 .array/s "HV", 0 9999, 31 0;
v0x7f9c24916610_0 .var/real "avg", 0 0;
v0x7f9c249166b0_0 .net "clk", 0 0, v0x7f9c24917330_0;  1 drivers
v0x7f9c24916760 .array "dictMem", 369999 0, 31 0;
v0x7f9c24916800 .array "hamVector", 0 9999, 31 0;
v0x7f9c249168e0_0 .var/i "i", 31 0;
v0x7f9c24917770_0 .array/port v0x7f9c24917770, 0;
v0x7f9c24916990_0 .net "label", 1 0, v0x7f9c24917770_0;  1 drivers
v0x7f9c249176c0_0 .array/port v0x7f9c249176c0, 0;
v0x7f9c24916a40_0 .net "length", 7 0, v0x7f9c249176c0_0;  1 drivers
v0x7f9c24916af0_0 .var "letter", 7 0;
v0x7f9c24916c00_0 .var "lower_letter", 7 0;
v0x7f9c24917620_0 .array/port v0x7f9c24917620, 0;
v0x7f9c24916cb0_0 .net "msg", 1279 0, v0x7f9c24917620_0;  1 drivers
v0x7f9c24916d60 .array "msgVector", 0 9999, 31 0;
v0x7f9c24916e00 .array "num_msg", 0 160, 31 0;
v0x7f9c24916ea0_0 .net "reset", 0 0, v0x7f9c24917aa0_0;  1 drivers
v0x7f9c24916f40_0 .var/s "result", 1 0;
v0x7f9c24916ff0_0 .var/i "seed", 31 0;
v0x7f9c249170a0 .array "spamVector", 0 9999, 31 0;
v0x7f9c24917230_0 .var/real "sum", 0 0;
E_0x7f9c24905460 .event edge, v0x7f9c24916990_0, v0x7f9c24916a40_0, v0x7f9c24916cb0_0;
S_0x7f9c249054b0 .scope task, "encoding" "encoding" 3 104, 3 104 0, S_0x7f9c24904f70;
 .timescale -9 -12;
v0x7f9c24905670_0 .var "dim", 7 0;
v0x7f9c24915720_0 .var/i "i", 31 0;
v0x7f9c249157c0_0 .var/i "j", 31 0;
TD_main_tb.dut.encoding ;
    %pushi/vec4 0, 0, 32;
    %store/vec4 v0x7f9c24915720_0, 0, 32;
T_0.0 ;
    %load/vec4 v0x7f9c24915720_0;
    %load/vec4 v0x7f9c24905670_0;
    %pad/u 32;
    %cmp/u;
    %jmp/0xz T_0.1, 5;
    %pushi/vec4 0, 0, 32;
    %ix/getv/s 4, v0x7f9c24915720_0;
    %store/vec4a v0x7f9c24916560, 4, 0;
    %load/vec4 v0x7f9c24915720_0;
    %addi 1, 0, 32;
    %store/vec4 v0x7f9c24915720_0, 0, 32;
    %jmp T_0.0;
T_0.1 ;
    %pushi/vec4 0, 0, 32;
    %store/vec4 v0x7f9c24915720_0, 0, 32;
T_0.2 ;
    %load/vec4 v0x7f9c24915720_0;
    %load/vec4 v0x7f9c24916a40_0;
    %pad/u 32;
    %cmp/u;
    %jmp/0xz T_0.3, 5;
    %pushi/vec4 0, 0, 32;
    %store/vec4 v0x7f9c249157c0_0, 0, 32;
T_0.4 ;
    %load/vec4 v0x7f9c249157c0_0;
    %load/vec4 v0x7f9c24905670_0;
    %pad/u 32;
    %cmp/u;
    %jmp/0xz T_0.5, 5;
    %ix/getv/s 4, v0x7f9c249157c0_0;
    %load/vec4a v0x7f9c24916560, 4;
    %ix/getv/s 5, v0x7f9c24915720_0;
    %load/vec4a v0x7f9c24916e00, 5;
    %pad/u 46;
    %pad/u 60;
    %muli 10000, 0, 60;
    %pad/u 61;
    %load/vec4 v0x7f9c249157c0_0;
    %pad/s 61;
    %add;
    %ix/vec4 4;
    %load/vec4a v0x7f9c24916760, 4;
    %add;
    %ix/getv/s 4, v0x7f9c249157c0_0;
    %store/vec4a v0x7f9c24916560, 4, 0;
    %load/vec4 v0x7f9c24915720_0;
    %load/vec4 v0x7f9c24916a40_0;
    %pad/u 32;
    %subi 1, 0, 32;
    %cmp/e;
    %jmp/0xz  T_0.6, 4;
    %load/real v0x7f9c24917230_0;
    %ix/getv/s 4, v0x7f9c249157c0_0;
    %load/vec4a v0x7f9c24916560, 4;
    %cvt/rv/s;
    %add/wr;
    %store/real v0x7f9c24917230_0;
T_0.6 ;
    %load/vec4 v0x7f9c249157c0_0;
    %addi 1, 0, 32;
    %store/vec4 v0x7f9c249157c0_0, 0, 32;
    %jmp T_0.4;
T_0.5 ;
    %load/vec4 v0x7f9c24915720_0;
    %addi 1, 0, 32;
    %store/vec4 v0x7f9c24915720_0, 0, 32;
    %jmp T_0.2;
T_0.3 ;
    %load/real v0x7f9c24917230_0;
    %load/vec4 v0x7f9c24905670_0;
    %cvt/rv;
    %div/wr;
    %store/real v0x7f9c24916610_0;
    %pushi/vec4 0, 0, 32;
    %store/vec4 v0x7f9c24915720_0, 0, 32;
T_0.8 ;
    %load/vec4 v0x7f9c24915720_0;
    %load/vec4 v0x7f9c24905670_0;
    %pad/u 32;
    %cmp/u;
    %jmp/0xz T_0.9, 5;
    %load/real v0x7f9c24916610_0;
    %ix/getv/s 4, v0x7f9c24915720_0;
    %load/vec4a v0x7f9c24916560, 4;
    %cvt/rv/s;
    %cmp/wr;
    %jmp/0xz  T_0.10, 5;
    %pushi/vec4 1, 0, 32;
    %ix/getv/s 4, v0x7f9c24915720_0;
    %store/vec4a v0x7f9c24916560, 4, 0;
    %jmp T_0.11;
T_0.10 ;
    %ix/getv/s 4, v0x7f9c24915720_0;
    %load/vec4a v0x7f9c24916560, 4;
    %cvt/rv/s;
    %load/real v0x7f9c24916610_0;
    %cmp/wr;
    %jmp/0xz  T_0.12, 5;
    %pushi/vec4 4294967295, 0, 32;
    %ix/getv/s 4, v0x7f9c24915720_0;
    %store/vec4a v0x7f9c24916560, 4, 0;
    %jmp T_0.13;
T_0.12 ;
    %pushi/vec4 0, 0, 32;
    %ix/getv/s 4, v0x7f9c24915720_0;
    %store/vec4a v0x7f9c24916560, 4, 0;
T_0.13 ;
T_0.11 ;
    %ix/getv/s 4, v0x7f9c24915720_0;
    %load/vec4a v0x7f9c24916560, 4;
    %ix/getv/s 4, v0x7f9c24915720_0;
    %store/vec4a v0x7f9c24916d60, 4, 0;
    %load/vec4 v0x7f9c24915720_0;
    %addi 1, 0, 32;
    %store/vec4 v0x7f9c24915720_0, 0, 32;
    %jmp T_0.8;
T_0.9 ;
    %end;
S_0x7f9c24915850 .scope task, "hamming" "hamming" 3 142, 3 142 0, S_0x7f9c24904f70;
 .timescale -9 -12;
v0x7f9c24915a10_0 .var "HamSpam", 1 0;
v0x7f9c24915aa0_0 .var/i "countHam", 31 0;
v0x7f9c24915b40_0 .var/i "countSpam", 31 0;
v0x7f9c24915c00_0 .var/i "i", 31 0;
v0x7f9c24915cb0_0 .var/i "j", 31 0;
TD_main_tb.dut.hamming ;
    %pushi/vec4 0, 0, 32;
    %store/vec4 v0x7f9c24915aa0_0, 0, 32;
    %pushi/vec4 0, 0, 32;
    %store/vec4 v0x7f9c24915b40_0, 0, 32;
    %pushi/vec4 0, 0, 32;
    %store/vec4 v0x7f9c24915c00_0, 0, 32;
T_1.14 ;
    %load/vec4 v0x7f9c24915c00_0;
    %cmpi/s 10000, 0, 32;
    %jmp/0xz T_1.15, 5;
    %pushi/vec4 0, 0, 32;
    %store/vec4 v0x7f9c24915cb0_0, 0, 32;
T_1.16 ;
    %load/vec4 v0x7f9c24915cb0_0;
    %cmpi/s 32, 0, 32;
    %jmp/0xz T_1.17, 5;
    %ix/getv/s 4, v0x7f9c24915c00_0;
    %load/vec4a v0x7f9c24916d60, 4;
    %load/vec4 v0x7f9c24915cb0_0;
    %part/s 1;
    %ix/getv/s 4, v0x7f9c24915c00_0;
    %load/vec4a v0x7f9c24916800, 4;
    %load/vec4 v0x7f9c24915cb0_0;
    %part/s 1;
    %pad/u 32;
    %pushi/vec4 1, 0, 32;
    %cmp/e;
    %flag_get/vec4 4;
    %xor;
    %flag_set/vec4 8;
    %jmp/0xz  T_1.18, 8;
    %load/vec4 v0x7f9c24915aa0_0;
    %addi 1, 0, 32;
    %store/vec4 v0x7f9c24915aa0_0, 0, 32;
T_1.18 ;
    %ix/getv/s 4, v0x7f9c24915c00_0;
    %load/vec4a v0x7f9c24916d60, 4;
    %load/vec4 v0x7f9c24915cb0_0;
    %part/s 1;
    %ix/getv/s 4, v0x7f9c24915c00_0;
    %load/vec4a v0x7f9c249170a0, 4;
    %load/vec4 v0x7f9c24915cb0_0;
    %part/s 1;
    %pad/u 32;
    %pushi/vec4 1, 0, 32;
    %cmp/e;
    %flag_get/vec4 4;
    %xor;
    %flag_set/vec4 8;
    %jmp/0xz  T_1.20, 8;
    %load/vec4 v0x7f9c24915b40_0;
    %addi 1, 0, 32;
    %store/vec4 v0x7f9c24915b40_0, 0, 32;
T_1.20 ;
    %load/vec4 v0x7f9c24915cb0_0;
    %addi 1, 0, 32;
    %store/vec4 v0x7f9c24915cb0_0, 0, 32;
    %jmp T_1.16;
T_1.17 ;
    %load/vec4 v0x7f9c24915c00_0;
    %addi 1, 0, 32;
    %store/vec4 v0x7f9c24915c00_0, 0, 32;
    %jmp T_1.14;
T_1.15 ;
    %load/vec4 v0x7f9c24915b40_0;
    %load/vec4 v0x7f9c24915aa0_0;
    %cmp/s;
    %jmp/0xz  T_1.22, 5;
    %pushi/vec4 0, 0, 2;
    %store/vec4 v0x7f9c24915a10_0, 0, 2;
    %jmp T_1.23;
T_1.22 ;
    %load/vec4 v0x7f9c24915aa0_0;
    %load/vec4 v0x7f9c24915b40_0;
    %cmp/s;
    %jmp/0xz  T_1.24, 5;
    %pushi/vec4 1, 0, 2;
    %store/vec4 v0x7f9c24915a10_0, 0, 2;
    %jmp T_1.25;
T_1.24 ;
    %pushi/vec4 3, 0, 2;
    %store/vec4 v0x7f9c24915a10_0, 0, 2;
T_1.25 ;
T_1.23 ;
    %vpi_call 3 171 "$display", "countSpam = %2.0f", v0x7f9c24915b40_0 {0 0 0};
    %vpi_call 3 172 "$display", "countHam = %2.0f", v0x7f9c24915aa0_0 {0 0 0};
    %end;
S_0x7f9c24915da0 .scope task, "memGen" "memGen" 3 90, 3 90 0, S_0x7f9c24904f70;
 .timescale -9 -12;
v0x7f9c24915f60_0 .var "dim", 7 0;
v0x7f9c24916010_0 .var/i "i", 31 0;
v0x7f9c249160c0_0 .var/i "j", 31 0;
v0x7f9c24916180_0 .var "num_char", 7 0;
TD_main_tb.dut.memGen ;
    %pushi/vec4 0, 0, 32;
    %store/vec4 v0x7f9c24916010_0, 0, 32;
T_2.26 ;
    %load/vec4 v0x7f9c24916010_0;
    %load/vec4 v0x7f9c24916180_0;
    %pad/u 32;
    %cmp/u;
    %jmp/0xz T_2.27, 5;
    %pushi/vec4 0, 0, 32;
    %store/vec4 v0x7f9c249160c0_0, 0, 32;
T_2.28 ;
    %load/vec4 v0x7f9c249160c0_0;
    %load/vec4 v0x7f9c24915f60_0;
    %pad/u 32;
    %cmp/u;
    %jmp/0xz T_2.29, 5;
    %vpi_func 3 96 "$urandom" 32, v0x7f9c24916ff0_0 {0 0 0};
    %pushi/vec4 2, 0, 32;
    %mod;
    %load/vec4 v0x7f9c24916010_0;
    %pad/s 46;
    %pad/s 60;
    %muli 10000, 0, 60;
    %pad/s 61;
    %load/vec4 v0x7f9c249160c0_0;
    %pad/s 61;
    %add;
    %ix/vec4/s 4;
    %store/vec4a v0x7f9c24916760, 4, 0;
    %load/vec4 v0x7f9c249160c0_0;
    %addi 1, 0, 32;
    %store/vec4 v0x7f9c249160c0_0, 0, 32;
    %jmp T_2.28;
T_2.29 ;
    %load/vec4 v0x7f9c24916010_0;
    %addi 1, 0, 32;
    %store/vec4 v0x7f9c24916010_0, 0, 32;
    %jmp T_2.26;
T_2.27 ;
    %end;
S_0x7f9c24916230 .scope function.vec4.s8, "to_lower" "to_lower" 3 81, 3 81 0, S_0x7f9c24904f70;
 .timescale -9 -12;
v0x7f9c249163f0_0 .var "in_char", 7 0;
; Variable to_lower is vec4 return value of scope S_0x7f9c24916230
TD_main_tb.dut.to_lower ;
    %load/vec4 v0x7f9c249163f0_0;
    %ret/vec4 0, 0, 8;  Assign to to_lower (store_vec4_to_lval)
    %pushi/vec4 64, 0, 32;
    %load/vec4 v0x7f9c249163f0_0;
    %pad/u 32;
    %cmp/u;
    %flag_get/vec4 5;
    %load/vec4 v0x7f9c249163f0_0;
    %pad/u 32;
    %cmpi/u 91, 0, 32;
    %flag_get/vec4 5;
    %and;
    %flag_set/vec4 8;
    %jmp/0xz  T_3.30, 8;
    %load/vec4 v0x7f9c249163f0_0;
    %addi 32, 0, 8;
    %ret/vec4 0, 0, 8;  Assign to to_lower (store_vec4_to_lval)
T_3.30 ;
    %end;
    .scope S_0x7f9c24904f70;
T_4 ;
    %pushi/vec4 13, 0, 32;
    %store/vec4 v0x7f9c24916ff0_0, 0, 32;
    %end;
    .thread T_4;
    .scope S_0x7f9c24904f70;
T_5 ;
    %wait E_0x7f9c24905460;
    %pushi/real 0, 4065; load=0.00000
    %store/real v0x7f9c24917230_0;
    %pushi/real 0, 4065; load=0.00000
    %store/real v0x7f9c24916610_0;
    %vpi_call 3 39 "$readmemb", "refMem_Ham_Binary.txt", v0x7f9c24916800, 32'sb00000000000000000000000000000000, 32'sb00000000000000000010011100001111 {0 0 0};
    %vpi_call 3 40 "$readmemb", "refMem_Spam_Binary.txt", v0x7f9c249170a0, 32'sb00000000000000000000000000000000, 32'sb00000000000000000010011100001111 {0 0 0};
    %pushi/vec4 0, 0, 32;
    %store/vec4 v0x7f9c249168e0_0, 0, 32;
T_5.0 ;
    %load/vec4 v0x7f9c249168e0_0;
    %load/vec4 v0x7f9c24916a40_0;
    %pad/u 32;
    %muli 8, 0, 32;
    %subi 1, 0, 32;
    %cmp/u;
    %jmp/0xz T_5.1, 5;
    %load/vec4 v0x7f9c24916cb0_0;
    %load/vec4 v0x7f9c249168e0_0;
    %part/s 8;
    %store/vec4 v0x7f9c24916af0_0, 0, 8;
    %load/vec4 v0x7f9c24916af0_0;
    %store/vec4 v0x7f9c249163f0_0, 0, 8;
    %callf/vec4 TD_main_tb.dut.to_lower, S_0x7f9c24916230;
    %store/vec4 v0x7f9c24916c00_0, 0, 8;
    %pushi/vec4 97, 0, 8; draw_string_vec4
    %load/vec4 v0x7f9c24916c00_0;
    %cmp/u;
    %flag_get/vec4 4;
    %flag_get/vec4 5;
    %or;
    %load/vec4 v0x7f9c24916c00_0;
    %pushi/vec4 122, 0, 8; draw_string_vec4
    %cmp/u;
    %flag_get/vec4 4;
    %flag_get/vec4 5;
    %or;
    %and;
    %flag_set/vec4 8;
    %jmp/0xz  T_5.2, 8;
    %load/vec4 v0x7f9c24916c00_0;
    %pad/u 32;
    %addi 4294967210, 0, 32;
    %load/vec4 v0x7f9c249168e0_0;
    %pushi/vec4 8, 0, 32;
    %div/s;
    %ix/vec4/s 4;
    %store/vec4a v0x7f9c24916e00, 4, 0;
    %jmp T_5.3;
T_5.2 ;
    %pushi/vec4 48, 0, 8; draw_string_vec4
    %load/vec4 v0x7f9c24916c00_0;
    %cmp/u;
    %flag_get/vec4 4;
    %flag_get/vec4 5;
    %or;
    %load/vec4 v0x7f9c24916c00_0;
    %pushi/vec4 57, 0, 8; draw_string_vec4
    %cmp/u;
    %flag_get/vec4 4;
    %flag_get/vec4 5;
    %or;
    %and;
    %flag_set/vec4 8;
    %jmp/0xz  T_5.4, 8;
    %load/vec4 v0x7f9c24916c00_0;
    %pad/u 32;
    %addi 4294967249, 0, 32;
    %load/vec4 v0x7f9c249168e0_0;
    %pushi/vec4 8, 0, 32;
    %div/s;
    %ix/vec4/s 4;
    %store/vec4a v0x7f9c24916e00, 4, 0;
    %jmp T_5.5;
T_5.4 ;
    %pushi/vec4 0, 0, 32;
    %load/vec4 v0x7f9c249168e0_0;
    %pushi/vec4 8, 0, 32;
    %div/s;
    %ix/vec4/s 4;
    %store/vec4a v0x7f9c24916e00, 4, 0;
T_5.5 ;
T_5.3 ;
    %load/vec4 v0x7f9c249168e0_0;
    %addi 8, 0, 32;
    %store/vec4 v0x7f9c249168e0_0, 0, 32;
    %jmp T_5.0;
T_5.1 ;
    %pushi/vec4 37, 0, 8;
    %store/vec4 v0x7f9c24916180_0, 0, 8;
    %pushi/vec4 16, 0, 8;
    %store/vec4 v0x7f9c24915f60_0, 0, 8;
    %fork TD_main_tb.dut.memGen, S_0x7f9c24915da0;
    %join;
    %pushi/vec4 16, 0, 8;
    %store/vec4 v0x7f9c24905670_0, 0, 8;
    %fork TD_main_tb.dut.encoding, S_0x7f9c249054b0;
    %join;
    %pushi/vec4 0, 0, 2;
    %store/vec4 v0x7f9c24916f40_0, 0, 2;
    %fork TD_main_tb.dut.hamming, S_0x7f9c24915850;
    %join;
    %load/vec4 v0x7f9c24915a10_0;
    %store/vec4 v0x7f9c24916f40_0, 0, 2;
    %jmp T_5;
    .thread T_5, $push;
    .scope S_0x7f9c24904b60;
T_6 ;
    %pushi/vec4 0, 0, 1;
    %store/vec4 v0x7f9c24917330_0, 0, 1;
    %pushi/vec4 0, 0, 1;
    %store/vec4 v0x7f9c24917aa0_0, 0, 1;
    %pushi/vec4 0, 0, 32;
    %store/vec4 v0x7f9c24917f50_0, 0, 32;
    %pushi/real 0, 4065; load=0.00000
    %store/real v0x7f9c249173c0_0;
    %pushi/vec4 0, 0, 32;
    %store/vec4 v0x7f9c24917570_0, 0, 32;
    %end;
    .thread T_6;
    .scope S_0x7f9c24904b60;
T_7 ;
    %vpi_func 2 46 "$fopen" 32, "dir_list/data_gen.txt", "r" {0 0 0};
    %store/vec4 v0x7f9c24917450_0, 0, 32;
    %vpi_func 2 47 "$fopen" 32, "dir_list/tag_gen.txt", "r" {0 0 0};
    %store/vec4 v0x7f9c24917d00_0, 0, 32;
    %vpi_func 2 48 "$fopen" 32, "dir_list/length_gen.txt", "r" {0 0 0};
    %store/vec4 v0x7f9c24917820_0, 0, 32;
    %load/vec4 v0x7f9c24917450_0;
    %cmpi/e 0, 0, 32;
    %flag_mov 8, 4;
    %load/vec4 v0x7f9c24917d00_0;
    %cmpi/e 0, 0, 32;
    %flag_or 4, 8;
    %flag_mov 8, 4;
    %load/vec4 v0x7f9c24917820_0;
    %cmpi/e 0, 0, 32;
    %flag_or 4, 8;
    %jmp/0xz  T_7.0, 4;
    %vpi_call 2 50 "$display", "Open files with ERROR" {0 0 0};
    %vpi_call 2 51 "$finish" {0 0 0};
T_7.0 ;
    %pushi/vec4 8, 0, 32;
T_7.2 %dup/vec4;
    %pushi/vec4 0, 0, 32;
    %cmp/s;
    %jmp/1xz T_7.3, 5;
    %jmp/1 T_7.3, 4;
    %pushi/vec4 1, 0, 32;
    %sub;
    %vpi_func 2 88 "$fscanf" 32, v0x7f9c24917450_0, "%s\012", &A<v0x7f9c249174e0, v0x7f9c24917f50_0 > {0 0 0};
    %store/vec4 v0x7f9c24917b30_0, 0, 32;
    %vpi_func 2 89 "$fscanf" 32, v0x7f9c24917d00_0, "%s\012", &A<v0x7f9c24917db0, v0x7f9c24917f50_0 > {0 0 0};
    %store/vec4 v0x7f9c24917c50_0, 0, 32;
    %vpi_func 2 90 "$fscanf" 32, v0x7f9c24917820_0, "%s\012", &A<v0x7f9c24917940, v0x7f9c24917f50_0 > {0 0 0};
    %store/vec4 v0x7f9c24917bc0_0, 0, 32;
    %vpi_call 2 91 "$display", "Data :[inputs: %s]", &A<v0x7f9c249174e0, v0x7f9c24917f50_0 > {0 0 0};
    %vpi_call 2 92 "$display", "Tag :[inputs: %s]", &A<v0x7f9c24917db0, v0x7f9c24917f50_0 > {0 0 0};
    %vpi_call 2 93 "$display", "Length :[inputs: %s]", &A<v0x7f9c24917940, v0x7f9c24917f50_0 > {0 0 0};
    %vpi_call 2 95 "$readmemb", &A<v0x7f9c249174e0, v0x7f9c24917f50_0 >, v0x7f9c24917620 {0 0 0};
    %vpi_call 2 96 "$readmemb", &A<v0x7f9c24917db0, v0x7f9c24917f50_0 >, v0x7f9c24917770 {0 0 0};
    %vpi_call 2 97 "$readmemb", &A<v0x7f9c24917940, v0x7f9c24917f50_0 >, v0x7f9c249176c0 {0 0 0};
    %delay 1000000, 0;
    %vpi_call 2 99 "$display", "expected label = %b", &A<v0x7f9c24917770, 0> {0 0 0};
    %vpi_call 2 100 "$display", "actual label = %b", v0x7f9c249179e0_0 {0 0 0};
    %load/vec4 v0x7f9c249179e0_0;
    %pad/u 32;
    %cmpi/e 4294967295, 0, 32;
    %jmp/0xz  T_7.4, 4;
    %vpi_call 2 102 "$display", "incloncluive results.\012" {0 0 0};
    %jmp T_7.5;
T_7.4 ;
    %ix/load 4, 0, 0;
    %flag_set/imm 4, 0;
    %load/vec4a v0x7f9c24917770, 4;
    %load/vec4 v0x7f9c249179e0_0;
    %cmp/e;
    %jmp/0xz  T_7.6, 4;
    %vpi_call 2 105 "$display", "results match.\012" {0 0 0};
    %load/real v0x7f9c249173c0_0;
    %pushi/vec4 1, 0, 32;
    %cvt/rv/s;
    %add/wr;
    %store/real v0x7f9c249173c0_0;
    %jmp T_7.7;
T_7.6 ;
    %ix/load 4, 0, 0;
    %flag_set/imm 4, 0;
    %load/vec4a v0x7f9c24917770, 4;
    %load/vec4 v0x7f9c249179e0_0;
    %cmp/ne;
    %jmp/0xz  T_7.8, 4;
    %vpi_call 2 109 "$display", "results do not match.\012" {0 0 0};
T_7.8 ;
T_7.7 ;
T_7.5 ;
    %load/vec4 v0x7f9c24917f50_0;
    %addi 1, 0, 32;
    %store/vec4 v0x7f9c24917f50_0, 0, 32;
    %jmp T_7.2;
T_7.3 ;
    %pop/vec4 1;
    %load/real v0x7f9c249173c0_0;
    %pushi/vec4 8, 0, 32;
    %cvt/rv/s;
    %div/wr;
    %pushi/vec4 100, 0, 32;
    %cvt/rv/s;
    %mul/wr;
    %vpi_call 2 113 "$display", "accuracy = %2.2f%%", W<0,r> {0 1 0};
    %vpi_call 2 115 "$fclose", v0x7f9c24917450_0 {0 0 0};
    %vpi_call 2 116 "$fclose", v0x7f9c24917d00_0 {0 0 0};
    %vpi_call 2 117 "$fclose", v0x7f9c24917820_0 {0 0 0};
    %end;
    .thread T_7;
# The file index is used to find the file name in the following table.
:file_names 4;
    "N/A";
    "<interactive>";
    "main_tb.v";
    "./main.v";
